This is pdfTeX, Version 3.14159265-2.6-1.40.15 (TeX Live 2014/W32TeX) (preloaded format=pdflatex 2015.4.16)  5 JUN 2015 16:52
entering extended mode
 restricted \write18 enabled.
 %&-line parsing enabled.
**anal.tex
(./anal.tex
LaTeX2e <2014/05/01>
Babel <3.9k> and hyphenation patterns for 78 languages loaded.
(./rnthesis.cls
Document Class: rnthesis 2012/03/27 v1.0 Robert Novotny 'Thesis' class
(c:/texlive/2014/texmf-dist/tex/latex/base/size12.clo
File: size12.clo 2007/10/19 v1.4h Standard LaTeX file (size option)
)
\c@part=\count79
\c@chapter=\count80
\c@section=\count81
\c@subsection=\count82
\c@subsubsection=\count83
\c@paragraph=\count84
\c@subparagraph=\count85
\c@figure=\count86
\c@table=\count87
\abovecaptionskip=\skip41
\belowcaptionskip=\skip42
\bibindent=\dimen102
)
(c:/texlive/2014/texmf-dist/tex/generic/babel/babel.sty
Package: babel 2014/03/24 3.9k The Babel package

(c:/texlive/2014/texmf-dist/tex/generic/babel-slovak/slovak.ldf
Language: slovak 2008/07/06 v3.1a Slovak support from the babel system

(c:/texlive/2014/texmf-dist/tex/generic/babel/babel.def
File: babel.def 2014/03/24 3.9k Babel common definitions
\babel@savecnt=\count88
\U@D=\dimen103
)
Package babel Info: Making ^ an active character on input line 123.
Package babel Info: Making " an active character on input line 126.
Package babel Info: Making ' an active character on input line 129.
\cs@wordlen=\count89
Package babel Info: Making - an active character on input line 294.
))
(c:/texlive/2014/texmf-dist/tex/latex/base/fontenc.sty
Package: fontenc 2005/09/27 v1.99g Standard LaTeX package

(c:/texlive/2014/texmf-dist/tex/latex/base/t1enc.def
File: t1enc.def 2005/09/27 v1.99g Standard LaTeX file
LaTeX Font Info:    Redeclaring font encoding T1 on input line 43.
))
(c:/texlive/2014/texmf-dist/tex/latex/base/inputenc.sty
Package: inputenc 2014/04/30 v1.2b Input encoding file
\inpenc@prehook=\toks14
\inpenc@posthook=\toks15

(c:/texlive/2014/texmf-dist/tex/latex/base/cp1250.def
File: cp1250.def 2014/04/30 v1.2b Input encoding file
)) (./rnt-pic.sty
File: rnt-pic.sty 2007/08/22 v0.2

(./ifpdf.sty
Package: ifpdf 2006/02/20 v1.4 Provides the ifpdf switch (HO)
Package ifpdf Info: pdfTeX in pdf mode detected.
) (c:/texlive/2014/texmf-dist/tex/latex/graphics/graphicx.sty
Package: graphicx 2014/04/25 v1.0g Enhanced LaTeX Graphics (DPC,SPQR)

(c:/texlive/2014/texmf-dist/tex/latex/graphics/keyval.sty
Package: keyval 2014/05/08 v1.15 key=value parser (DPC)
\KV@toks@=\toks16
)
(c:/texlive/2014/texmf-dist/tex/latex/graphics/graphics.sty
Package: graphics 2009/02/05 v1.0o Standard LaTeX Graphics (DPC,SPQR)

(c:/texlive/2014/texmf-dist/tex/latex/graphics/trig.sty
Package: trig 1999/03/16 v1.09 sin cos tan (DPC)
)
(c:/texlive/2014/texmf-dist/tex/latex/latexconfig/graphics.cfg
File: graphics.cfg 2010/04/23 v1.9 graphics configuration of TeX Live
)
Package graphics Info: Driver file: pdftex.def on input line 91.

(c:/texlive/2014/texmf-dist/tex/latex/pdftex-def/pdftex.def
File: pdftex.def 2011/05/27 v0.06d Graphics/color for pdfTeX

(c:/texlive/2014/texmf-dist/tex/generic/oberdiek/infwarerr.sty
Package: infwarerr 2010/04/08 v1.3 Providing info/warning/error messages (HO)
)
(c:/texlive/2014/texmf-dist/tex/generic/oberdiek/ltxcmds.sty
Package: ltxcmds 2011/11/09 v1.22 LaTeX kernel commands for general use (HO)
)
\Gread@gobject=\count90
))
\Gin@req@height=\dimen104
\Gin@req@width=\dimen105
))
(./rnt-thm.sty
File: rnt-thm.sty 2004/04/19 v0.2
 (c:/texlive/2014/texmf-dist/tex/latex/tools/theorem.sty
Package: theorem 1995/11/23 v2.2c Theorem extension package (FMi)
\theorem@style=\toks17
\theorem@bodyfont=\toks18
\theorempreskipamount=\skip43
\theorempostskipamount=\skip44

(c:/texlive/2014/texmf-dist/tex/latex/tools/thp.sty
File: thp.sty 1995/11/23 v2.2c Theorem extension package (FMi)
))
\c@veta=\count91
)
(c:/texlive/2014/texmf-dist/tex/latex/amsfonts/amsfonts.sty
Package: amsfonts 2013/01/14 v3.01 Basic AMSFonts support
\@emptytoks=\toks19
\symAMSa=\mathgroup4
\symAMSb=\mathgroup5
LaTeX Font Info:    Overwriting math alphabet `\mathfrak' in version `bold'
(Font)                  U/euf/m/n --> U/euf/b/n on input line 106.
)
(c:/texlive/2014/texmf-dist/tex/latex/amsmath/amsmath.sty
Package: amsmath 2013/01/14 v2.14 AMS math features
\@mathmargin=\skip45

For additional information on amsmath, use the `?' option.
(c:/texlive/2014/texmf-dist/tex/latex/amsmath/amstext.sty
Package: amstext 2000/06/29 v2.01

(c:/texlive/2014/texmf-dist/tex/latex/amsmath/amsgen.sty
File: amsgen.sty 1999/11/30 v2.0
\@emptytoks=\toks20
\ex@=\dimen106
))
(c:/texlive/2014/texmf-dist/tex/latex/amsmath/amsbsy.sty
Package: amsbsy 1999/11/29 v1.2d
\pmbraise@=\dimen107
)
(c:/texlive/2014/texmf-dist/tex/latex/amsmath/amsopn.sty
Package: amsopn 1999/12/14 v2.01 operator names
)
\inf@bad=\count92
LaTeX Info: Redefining \frac on input line 210.
\uproot@=\count93
\leftroot@=\count94
LaTeX Info: Redefining \overline on input line 306.
\classnum@=\count95
\DOTSCASE@=\count96
LaTeX Info: Redefining \ldots on input line 378.
LaTeX Info: Redefining \dots on input line 381.
LaTeX Info: Redefining \cdots on input line 466.
\Mathstrutbox@=\box26
\strutbox@=\box27
\big@size=\dimen108
LaTeX Font Info:    Redeclaring font encoding OML on input line 566.
LaTeX Font Info:    Redeclaring font encoding OMS on input line 567.
\macc@depth=\count97
\c@MaxMatrixCols=\count98
\dotsspace@=\muskip10
\c@parentequation=\count99
\dspbrk@lvl=\count100
\tag@help=\toks21
\row@=\count101
\column@=\count102
\maxfields@=\count103
\andhelp@=\toks22
\eqnshift@=\dimen109
\alignsep@=\dimen110
\tagshift@=\dimen111
\tagwidth@=\dimen112
\totwidth@=\dimen113
\lineht@=\dimen114
\@envbody=\toks23
\multlinegap=\skip46
\multlinetaggap=\skip47
\mathdisplay@stack=\toks24
LaTeX Info: Redefining \[ on input line 2665.
LaTeX Info: Redefining \] on input line 2666.
)
(c:/texlive/2014/texmf-dist/tex/latex/graphics/color.sty
Package: color 2014/04/23 v1.1a Standard LaTeX Color (DPC)

(c:/texlive/2014/texmf-dist/tex/latex/latexconfig/color.cfg
File: color.cfg 2007/01/18 v1.5 color configuration of teTeX/TeXLive
)
Package color Info: Driver file: pdftex.def on input line 137.
)
(c:/texlive/2014/texmf-dist/tex/latex/listings/listings.sty
\lst@mode=\count104
\lst@gtempboxa=\box28
\lst@token=\toks25
\lst@length=\count105
\lst@currlwidth=\dimen115
\lst@column=\count106
\lst@pos=\count107
\lst@lostspace=\dimen116
\lst@width=\dimen117
\lst@newlines=\count108
\lst@lineno=\count109
\lst@maxwidth=\dimen118

(c:/texlive/2014/texmf-dist/tex/latex/listings/lstmisc.sty
File: lstmisc.sty 2014/03/04 1.5c (Carsten Heinz)
\c@lstnumber=\count110
\lst@skipnumbers=\count111
\lst@framebox=\box29
)
(c:/texlive/2014/texmf-dist/tex/latex/listings/listings.cfg
File: listings.cfg 2014/03/04 1.5c listings configuration
))
Package: listings 2014/03/04 1.5c (Carsten Heinz)

(c:/texlive/2014/texmf-dist/tex/latex/hyphenat/hyphenat.sty
Package: hyphenat 2009/09/02 v2.3c hyphenation utilities
\langwohyphens=\language79
LaTeX Info: Redefining \_ on input line 43.
)
(c:/texlive/2014/texmf-dist/tex/latex/multirow/multirow.sty
\bigstrutjot=\dimen119
)
! Improper \hyphenation will be flushed.
\-->\discretionary 
                   {-}{}{}
l.19 \hyphenation{funk-ci√≠
                           }
Hyphenation exceptions must contain only letters
and hyphens. But continue; I'll forgive and forget.

! Improper \hyphenation will be flushed.
\-->\discretionary {
                    -}{}{}
l.19 \hyphenation{funk-ci√≠
                           }
Hyphenation exceptions must contain only letters
and hyphens. But continue; I'll forgive and forget.

! Too many }'s.
l.19 \hyphenation{funk-ci√≠}
                            
You've closed more groups than you opened.
Such booboos are generally harmless, so keep going.

(c:/texlive/2014/texmf-dist/tex/latex/listings/lstlang1.sty
File: lstlang1.sty 2014/03/04 1.5c listings language file
) (./anal.aux)
\openout1 = `anal.aux'.

LaTeX Font Info:    Checking defaults for OML/cmm/m/it on input line 145.
LaTeX Font Info:    ... okay on input line 145.
LaTeX Font Info:    Checking defaults for T1/cmr/m/n on input line 145.
LaTeX Font Info:    ... okay on input line 145.
LaTeX Font Info:    Checking defaults for OT1/cmr/m/n on input line 145.
LaTeX Font Info:    ... okay on input line 145.
LaTeX Font Info:    Checking defaults for OMS/cmsy/m/n on input line 145.
LaTeX Font Info:    ... okay on input line 145.
LaTeX Font Info:    Checking defaults for OMX/cmex/m/n on input line 145.
LaTeX Font Info:    ... okay on input line 145.
LaTeX Font Info:    Checking defaults for U/cmr/m/n on input line 145.
LaTeX Font Info:    ... okay on input line 145.

Zoznam pou∫itej literat˙ry
(c:/texlive/2014/texmf-dist/tex/context/base/supp-pdf.mkii
[Loading MPS to PDF converter (version 2006.09.02).]
\scratchcounter=\count112
\scratchdimen=\dimen120
\scratchbox=\box30
\nofMPsegments=\count113
\nofMParguments=\count114
\everyMPshowfont=\toks26
\MPscratchCnt=\count115
\MPscratchDim=\dimen121
\MPnumerator=\count116
\makeMPintoPDFobject=\count117
\everyMPtoPDFconversion=\toks27
) (c:/texlive/2014/texmf-dist/tex/generic/oberdiek/pdftexcmds.sty
Package: pdftexcmds 2011/11/29 v0.20 Utility functions of pdfTeX for LuaTeX (HO
)

(c:/texlive/2014/texmf-dist/tex/generic/oberdiek/ifluatex.sty
Package: ifluatex 2010/03/01 v1.3 Provides the ifluatex switch (HO)
Package ifluatex Info: LuaTeX not detected.
)

LaTeX Warning: You have requested, on input line 187, version
               `2010/09/13' of package ifpdf,
               but only version
               `2006/02/20 v1.4 Provides the ifpdf switch (HO)'
               is available.

Package pdftexcmds Info: LuaTeX not detected.
Package pdftexcmds Info: \pdf@primitive is available.
Package pdftexcmds Info: \pdf@ifprimitive is available.
Package pdftexcmds Info: \pdfdraftmode found.
) (c:/texlive/2014/texmf-dist/tex/latex/oberdiek/epstopdf-base.sty
Package: epstopdf-base 2010/02/09 v2.5 Base part for package epstopdf

(c:/texlive/2014/texmf-dist/tex/latex/oberdiek/grfext.sty
Package: grfext 2010/08/19 v1.1 Manage graphics extensions (HO)

(c:/texlive/2014/texmf-dist/tex/generic/oberdiek/kvdefinekeys.sty
Package: kvdefinekeys 2011/04/07 v1.3 Define keys (HO)
))
(c:/texlive/2014/texmf-dist/tex/latex/oberdiek/kvoptions.sty
Package: kvoptions 2011/06/30 v3.11 Key value format for package options (HO)

(c:/texlive/2014/texmf-dist/tex/generic/oberdiek/kvsetkeys.sty
Package: kvsetkeys 2012/04/25 v1.16 Key value parser (HO)

(c:/texlive/2014/texmf-dist/tex/generic/oberdiek/etexcmds.sty
Package: etexcmds 2011/02/16 v1.5 Avoid name clashes with e-TeX commands (HO)
Package etexcmds Info: Could not find \expanded.
(etexcmds)             That can mean that you are not using pdfTeX 1.50 or
(etexcmds)             that some package has redefined \expanded.
(etexcmds)             In the latter case, load this package earlier.
)))
Package grfext Info: Graphics extension search list:
(grfext)             [.png,.pdf,.jpg,.mps,.jpeg,.jbig2,.jb2,.PNG,.PDF,.JPG,.JPE
G,.JBIG2,.JB2,.eps]
(grfext)             \AppendGraphicsExtensions on input line 452.

(c:/texlive/2014/texmf-dist/tex/latex/latexconfig/epstopdf-sys.cfg
File: epstopdf-sys.cfg 2010/07/13 v1.3 Configuration of (r)epstopdf for TeX Liv
e
))
\c@lstlisting=\count118
LaTeX Font Info:    Try loading font information for T1+cmss on input line 164.


(c:/texlive/2014/texmf-dist/tex/latex/base/t1cmss.fd
File: t1cmss.fd 1999/05/25 v2.5h Standard LaTeX font definitions
)
LaTeX Font Info:    Try loading font information for OMS+cmss on input line 164
.
LaTeX Font Info:    No file OMScmss.fd. on input line 164.


LaTeX Font Warning: Font shape `OMS/cmss/bx/n' undefined
(Font)              using `OMS/cmsy/m/n' instead
(Font)              for symbol `textparagraph' on input line 164.


! Package inputenc Error: Keyboard character used is undefined
(inputenc)                in inputencoding `cp1250'.

See the inputenc package documentation for explanation.
Type  H <return>  for immediate help.
 ...                                              
                                                  
l.164 \maketitle
                
You need to provide a definition with \DeclareInputText 
or \DeclareInputMath before using this key.

[1

{c:/texlive/2014/texmf-var/fonts/map/pdftex/updmap/pdftex.map}]

LaTeX Warning: Je slusne uviest (\podakovanie ) on input line 164.

LaTeX Font Info:    Try loading font information for U+msa on input line 164.
(c:/texlive/2014/texmf-dist/tex/latex/amsfonts/umsa.fd
File: umsa.fd 2013/01/14 v3.01 AMS symbols A
)
LaTeX Font Info:    Try loading font information for U+msb on input line 164.

(c:/texlive/2014/texmf-dist/tex/latex/amsfonts/umsb.fd
File: umsb.fd 2013/01/14 v3.01 AMS symbols B
) [1]
! Undefined control sequence.
<argument> \texteuro 
                     
l.164 \maketitle
                
The control sequence at the end of the top line
of your error message was never \def'ed. If you have
misspelled it (e.g., `\hobx'), type `I' and the correct
spelling (e.g., `I\hbox'). Otherwise just continue,
and I'll forget about whatever was undefined.

! Undefined control sequence.
<argument> \texteuro 
                     
l.164 \maketitle
                
The control sequence at the end of the top line
of your error message was never \def'ed. If you have
misspelled it (e.g., `\hobx'), type `I' and the correct
spelling (e.g., `I\hbox'). Otherwise just continue,
and I'll forget about whatever was undefined.

! Undefined control sequence.
<argument> \texteuro 
                     
l.164 \maketitle
                
The control sequence at the end of the top line
of your error message was never \def'ed. If you have
misspelled it (e.g., `\hobx'), type `I' and the correct
spelling (e.g., `I\hbox'). Otherwise just continue,
and I'll forget about whatever was undefined.

! Undefined control sequence.
<argument> \texteuro 
                     
l.164 \maketitle
                
The control sequence at the end of the top line
of your error message was never \def'ed. If you have
misspelled it (e.g., `\hobx'), type `I' and the correct
spelling (e.g., `I\hbox'). Otherwise just continue,
and I'll forget about whatever was undefined.

LaTeX Font Info:    Try loading font information for OMS+cmr on input line 164.

(c:/texlive/2014/texmf-dist/tex/latex/base/omscmr.fd
File: omscmr.fd 1999/05/25 v2.5h Standard LaTeX font definitions
)
LaTeX Font Info:    Font shape `OMS/cmr/m/n' in size <12> not available
(Font)              Font shape `OMS/cmsy/m/n' tried instead on input line 164.

Overfull \hbox (5.65976pt too wide) in paragraph at lines 171--175
\T1/cmr/m/n/12 naà^^GÄ-m cie-ƒ-©om je pre-skÄ≥maàÅ novÄ[] po-znatky o splaj-noc
h, na ktorÄ^^Ech
 []

[2]
Overfull \hbox (46.25311pt too wide) in paragraph at lines 199--201
[]\T1/cmr/m/n/12 AnalÄ^^Eza mo-de-lov in-ter-po-la-ƒînÄ^^Ech splajn-povrchov a 
pod-pory paralelnÄ[]ho
 []


Overfull \hbox (39.28694pt too wide) in paragraph at lines 203--204
\T1/cmr/m/n/12 povrchov po-mo-cou viac-vlÄ^^GknovÄ^^Ech API pre multiprocesorov
Ä[] systÄ[]my
 []


Overfull \hbox (31.16676pt too wide) in paragraph at lines 208--209
\T1/cmr/m/n/12 V naà^^Gej prÄ^^Gci pra-cu-jeme s her-mi-tov-skÄ^^Emi splaj-nami
, ktorÄ[] sÄ≥ à^^Gtandardne
 []

[3] <mexHatWKnots.png, id=24, 327.11684pt x 324.83463pt>
File: mexHatWKnots.png Graphic file (type png)

<use mexHatWKnots.png>
Package pdftex.def Info: mexHatWKnots.png used on input line 210.
(pdftex.def)             Requested size: 228.98021pt x 227.38268pt.

Overfull \hbox (63.51695pt too wide) in paragraph at lines 214--216
[]\T1/cmr/m/n/12 PostupnosàÅ $\OT1/cmr/m/n/12 (\OML/cmm/m/it/12 a[]; a[]; [] \O
T1/cmr/m/n/12 )$ \T1/cmr/m/n/12 na-zveme \T1/cmr/m/it/12 rov-no-mer-nou \T1/cmr
/m/n/12 ak pre ƒ©ubovoƒ©nÄ[]
 []

LaTeX Font Info:    Font shape `OMS/cmr/m/it' in size <12> not available
(Font)              Font shape `OMS/cmsy/m/n' tried instead on input line 223.
[4 <./mexHatWKnots.png>] [5] <fseg.png, id=45, 526.96875pt x 376.40625pt>
File: fseg.png Graphic file (type png)

<use fseg.png>
Package pdftex.def Info: fseg.png used on input line 276.
(pdftex.def)             Requested size: 263.48372pt x 188.20265pt.
 [6 <./fseg.png>]
Underfull \hbox (badness 10000) in paragraph at lines 297--301

 []


Underfull \hbox (badness 10000) in paragraph at lines 301--305

 []


Underfull \hbox (badness 10000) in paragraph at lines 305--309

 []


Underfull \hbox (badness 10000) in paragraph at lines 309--312

 []

[7]
Overfull \hbox (3.744pt too wide) in paragraph at lines 383--385
[]\T1/cmr/m/n/12 De Bo-orova in-ter-polÄ^^Gcia vo và^^Geobecnosti ne-pred-po-kl
adÄ^^G
 []


Overfull \hbox (13.54883pt too wide) in paragraph at lines 388--389
\T1/cmr/m/n/12 V rÄ^^Gmci svo-jej ba-kalÄ^^Grskej prÄ^^Gce som po-pi-so-val ten
to po-stup pre kubickÄ[]
 []


Overfull \hbox (14.92728pt too wide) in paragraph at lines 390--391
\T1/cmr/m/n/12 pouà©Ä-vanÄ^^E pre kubickÄ[] splajny. Ne-znÄ^^Gme $\OML/cmm/m/it
/12 D[]$\T1/cmr/m/n/12 , ..., $\OML/cmm/m/it/12 D[]$ \T1/cmr/m/n/12 sÄ≥ hƒ©adan
Ä[]
 []

[8] [9]

! LaTeX Error: Command \textcurrency unavailable in encoding T1.

See the LaTeX manual or LaTeX Companion for explanation.
Type  H <return>  for immediate help.
 ...                                              
                                                  
l.499 Pre priamy a sp√§
                       tn√Ω chod m√°me
Your command was ignored.
Type  I <command> <return>  to replace it with another command,
or  <return>  to continue without it.


! LaTeX Error: Command \textcurrency unavailable in encoding T1.

See the LaTeX manual or LaTeX Companion for explanation.
Type  H <return>  for immediate help.
 ...                                              
                                                  
l.504 \text{Sp√§tn√Ω: }
                        U\mathbf{d} = \mathbf{y} \text{, } d_K = \frac{y_k}{...

Your command was ignored.
Type  I <command> <return>  to replace it with another command,
or  <return>  to continue without it.


! LaTeX Error: Command \textcurrency unavailable in encoding T1.

See the LaTeX manual or LaTeX Companion for explanation.
Type  H <return>  for immediate help.
 ...                                              
                                                  
l.509 ...ck√Ωch splajnoch. LU dekompoz√≠cia a sp√§
                                                  tn√Ω prechod obsahuj√∫ ope...

Your command was ignored.
Type  I <command> <return>  to replace it with another command,
or  <return>  to continue without it.


Overfull \hbox (17.30687pt too wide) in paragraph at lines 509--510
\T1/cmr/m/n/12 bickÄ^^Ech splaj-noch. LU dekompozÄ-cia a spÄtnÄ^^E pre-chod ob-
sa-hu-jÄ≥ operÄ^^Gciu
 []


! LaTeX Error: Command \textcurrency unavailable in encoding T1.

See the LaTeX manual or LaTeX Companion for explanation.
Type  H <return>  for immediate help.
 ...                                              
                                                  
l.522 	}
        
Your command was ignored.
Type  I <command> <return>  to replace it with another command,
or  <return>  to continue without it.


LaTeX Warning: `h' float specifier changed to `ht'.

[10] <silverlight.jpg, id=62, 642.4pt x 363.3575pt>
File: silverlight.jpg Graphic file (type jpg)
 <use silverlight.jpg>
Package pdftex.def Info: silverlight.jpg used on input line 534.
(pdftex.def)             Requested size: 128.47772pt x 72.6702pt.


! LaTeX Error: Command \textcurrency unavailable in encoding T1.

See the LaTeX manual or LaTeX Companion for explanation.
Type  H <return>  for immediate help.
 ...                                              
                                                  
l.537 Silverlight je kompatibiln√Ω s v√§
                                        ƒç≈°inou modern√Ωch webov√Ωch prehli...

Your command was ignored.
Type  I <command> <return>  to replace it with another command,
or  <return>  to continue without it.


! LaTeX Error: Command \textcurrency unavailable in encoding T1.

See the LaTeX manual or LaTeX Companion for explanation.
Type  H <return>  for immediate help.
 ...                                              
                                                  
l.537 ...ce implement√°cii Silverlight-u aj na v√§
                                                  ƒç≈°ine Linuxov√Ωch distri...

Your command was ignored.
Type  I <command> <return>  to replace it with another command,
or  <return>  to continue without it.


Overfull \hbox (30.71608pt too wide) in paragraph at lines 537--539
\T1/cmr/m/n/12 Silverlight-u aj na vÄƒîà^^Gine Li-nu-xovÄ^^Ech distribÄ≥ciÄ-. F
ra-me-work je moà©nÄ[]
 []


Overfull \hbox (17.02998pt too wide) in paragraph at lines 545--546
[]\T1/cmr/m/n/12 Silverlight po-nÄ≥ka hardvÄ[]rovo akcelerovanÄ[] API pod-po-ru
-jÄ≥ce tvorbu
 []

<apka.png, id=63, 578.91281pt x 499.8675pt>
File: apka.png Graphic file (type png)
 <use apka.png>
Package pdftex.def Info: apka.png used on input line 548.
(pdftex.def)             Requested size: 405.2362pt x 349.90486pt.

Overfull \hbox (15.2362pt too wide) in paragraph at lines 548--548
 [] 
 []


Overfull \hbox (6.10379pt too wide) in paragraph at lines 552--553
\T1/cmr/m/n/12 Ciele tejto prÄ^^Gce sme spolu so à^^Gkoliteƒ©om spl-nili, novÄ^
^E po-stup sa ukÄ^^Gzal
 []

[11 <./silverlight.jpg>] [12 <./apka.png>]

! Package inputenc Error: Keyboard character used is undefined
(inputenc)                in inputencoding `cp1250'.

See the inputenc package documentation for explanation.
Type  H <return>  for immediate help.
 ...                                              
                                                  
l.562 \bibitem{2}  I. Szab√≥, L. Mi≈à
                                     o, C. T√∂r√∂k. Biquarticpolynomials in ...

You need to provide a definition with \DeclareInputText 
or \DeclareInputMath before using this key.


! Package inputenc Error: Keyboard character used is undefined
(inputenc)                in inputencoding `cp1250'.

See the inputenc package documentation for explanation.
Type  H <return>  for immediate help.
 ...                                              
                                                  
l.563 \bibitem{3}  L. Mi≈à
                          o: Parametrick√© modelovanie d√°t komplexnej ≈°tru...

You need to provide a definition with \DeclareInputText 
or \DeclareInputMath before using this key.

[13

] (./anal.aux)

LaTeX Font Warning: Some font shapes were not available, defaults substituted.

 ) 
Here is how much of TeX's memory you used:
 4735 strings out of 493117
 62976 string characters out of 6138984
 167731 words of memory out of 5000000
 8079 multiletter control sequences out of 15000+600000
 23815 words of font info for 54 fonts, out of 8000000 for 9000
 1142 hyphenation exceptions out of 8191
 38i,17n,40p,664b,274s stack positions out of 5000i,500n,10000p,200000b,80000s
{c:/texlive/2014/texmf-dist/fonts/enc/dvips/cm-super/cm-super-t1.enc}<c:/texl
ive/2014/texmf-dist/fonts/type1/public/amsfonts/cm/cmbx12.pfb><c:/texlive/2014/
texmf-dist/fonts/type1/public/amsfonts/cm/cmbx8.pfb><c:/texlive/2014/texmf-dist
/fonts/type1/public/amsfonts/cm/cmex10.pfb><c:/texlive/2014/texmf-dist/fonts/ty
pe1/public/amsfonts/cm/cmmi12.pfb><c:/texlive/2014/texmf-dist/fonts/type1/publi
c/amsfonts/cm/cmmi6.pfb><c:/texlive/2014/texmf-dist/fonts/type1/public/amsfonts
/cm/cmmi8.pfb><c:/texlive/2014/texmf-dist/fonts/type1/public/amsfonts/cm/cmr12.
pfb><c:/texlive/2014/texmf-dist/fonts/type1/public/amsfonts/cm/cmr8.pfb><c:/tex
live/2014/texmf-dist/fonts/type1/public/amsfonts/cm/cmsy10.pfb><c:/texlive/2014
/texmf-dist/fonts/type1/public/amsfonts/cm/cmsy8.pfb><c:/texlive/2014/texmf-dis
t/fonts/type1/public/amsfonts/symbols/msbm10.pfb><c:/texlive/2014/texmf-dist/fo
nts/type1/public/cm-super/sfbx1200.pfb><c:/texlive/2014/texmf-dist/fonts/type1/
public/cm-super/sfbx1440.pfb><c:/texlive/2014/texmf-dist/fonts/type1/public/cm-
super/sfbx1728.pfb><c:/texlive/2014/texmf-dist/fonts/type1/public/cm-super/sfbx
2488.pfb><c:/texlive/2014/texmf-dist/fonts/type1/public/cm-super/sfrm1200.pfb><
c:/texlive/2014/texmf-dist/fonts/type1/public/cm-super/sfsl1200.pfb><c:/texlive
/2014/texmf-dist/fonts/type1/public/cm-super/sfss1728.pfb><c:/texlive/2014/texm
f-dist/fonts/type1/public/cm-super/sfsx1200.pfb><c:/texlive/2014/texmf-dist/fon
ts/type1/public/cm-super/sfsx1440.pfb><c:/texlive/2014/texmf-dist/fonts/type1/p
ublic/cm-super/sfsx2488.pfb><c:/texlive/2014/texmf-dist/fonts/type1/public/cm-s
uper/sfti1200.pfb>
Output written on anal.pdf (14 pages, 499092 bytes).
PDF statistics:
 147 PDF objects out of 1000 (max. 8388607)
 101 compressed objects within 2 object streams
 0 named destinations out of 1000 (max. 500000)
 21 words of extra memory for PDF output out of 10000 (max. 10000000)

