\BOOKMARK [0][-]{chapter.1}{1 De Boorov model a redukovan\375 algoritmus}{}% 1
\BOOKMARK [1][-]{section.1.1}{1.1 Polyn\363my}{chapter.1}% 2
\BOOKMARK [1][-]{section.1.2}{1.2 Splajny}{chapter.1}% 3
\BOOKMARK [2][-]{subsection.1.2.1}{1.2.1 Kon\235trukcia hermitovho splajnu}{section.1.2}% 4
\BOOKMARK [1][-]{section.1.3}{1.3 Trojdiagon\341lna LU dekompoz\355cia}{chapter.1}% 5
\BOOKMARK [1][-]{section.1.4}{1.4 De Boorov v\375pocet deriv\341ci\355}{chapter.1}% 6
\BOOKMARK [1][-]{section.1.5}{1.5 Poc\355tanie deriv\341ci\355 redukovanou s\372stavou}{chapter.1}% 7
\BOOKMARK [0][-]{chapter.2}{2 Zr\375chlenie}{}% 8
\BOOKMARK [1][-]{section.2.1}{2.1 Procesorov\341 architekt\372ra}{chapter.2}% 9
\BOOKMARK [2][-]{subsection.2.1.1}{2.1.1 Ke\235ovanie}{section.2.1}% 10
\BOOKMARK [2][-]{subsection.2.1.2}{2.1.2 In\235trukcn\375 paralelizmus}{section.2.1}% 11
\BOOKMARK [2][-]{subsection.2.1.3}{2.1.3 R\375chlost aritmetick\375ch oper\341ci\355}{section.2.1}% 12
\BOOKMARK [1][-]{section.2.2}{2.2 Teoretick\351 zr\375chlenie}{chapter.2}% 13
\BOOKMARK [2][-]{subsection.2.2.1}{2.2.1 Cena pln\351ho algoritmu}{section.2.2}% 14
\BOOKMARK [2][-]{subsection.2.2.2}{2.2.2 Pocty pre redukovan\375 algoritmus}{section.2.2}% 15
\BOOKMARK [2][-]{subsection.2.2.3}{2.2.3 Pam\344tov\351 n\341roky}{section.2.2}% 16
\BOOKMARK [2][-]{subsection.2.2.4}{2.2.4 Zhrnutie}{section.2.2}% 17
\BOOKMARK [1][-]{section.2.3}{2.3 Meran\351 zr\375chlenie}{chapter.2}% 18
\BOOKMARK [0][-]{chapter.3}{3 Implement\341cia a u\236\355vatelsk\341 pr\355rucka}{}% 19
\BOOKMARK [1][-]{subsection.3.0.1}{3.0.1 Vizualiz\341cia}{chapter.3}% 20
\BOOKMARK [2][-]{subsection.3.0.2}{3.0.2 V\375konnostn\375 tester}{subsection.3.0.1}% 21
